11:48:49 10/23/24	| Picked a random number
11:48:49 10/23/24	| Selected file: fich4.txt
11:48:49 10/23/24	| Selected file: fich4.txt is not simetric
11:48:49 10/23/24	| Selected file: fich4.txt doesnt exists, has been created and filled with his content
11:48:55 10/23/24	| Picked a random number
11:48:55 10/23/24	| Selected file: fich4.txt
11:48:55 10/23/24	| Selected file: fich4.txt is not simetric
11:48:55 10/23/24	| Selected file: fich4.txt exists and his group has changed to usuario:usuario
11:48:56 10/23/24	| Picked a random number
11:48:56 10/23/24	| Selected file: fich4.txt
11:48:56 10/23/24	| Selected file: fich4.txt is not simetric
11:48:56 10/23/24	| Selected file: fich4.txt exists and his group has changed to usuario:usuario
11:48:58 10/23/24	| Picked a random number
11:48:58 10/23/24	| Selected file: fich3.txt
11:48:58 10/23/24	| Selected file: fich3.txt is not simetric
11:48:58 10/23/24	| Selected file: fich3.txt exists and his group has changed to usuario:usuario
11:49:03 10/23/24	| Picked a random number
11:49:03 10/23/24	| Selected file: fich2.txt
11:49:03 10/23/24	| Selected file: fich2.txt is not simetric
11:49:03 10/23/24	| Selected file: fich2.txt doesnt exists, has been created and filled with his content
11:49:04 10/23/24	| Picked a random number
11:49:04 10/23/24	| Selected file: fich2.txt
11:49:04 10/23/24	| Selected file: fich2.txt is not simetric
11:49:04 10/23/24	| Selected file: fich2.txt exists and his group has changed to usuario:usuario
11:49:04 10/23/24	| Picked a random number
11:49:04 10/23/24	| Selected file: fich2.txt
11:49:04 10/23/24	| Selected file: fich2.txt is not simetric
11:49:04 10/23/24	| Selected file: fich2.txt exists and his group has changed to usuario:usuario
11:49:05 10/23/24	| Picked a random number
11:49:05 10/23/24	| Selected file: asa.txt
11:49:05 10/23/24	| Selected file: asa.txt is simetric
11:49:05 10/23/24	| Selected file: asa.txt doesnt exists, has been created and filled with his content
11:49:05 10/23/24	| Picked a random number
11:49:05 10/23/24	| Selected file: fich3.txt
11:49:05 10/23/24	| Selected file: fich3.txt is not simetric
11:49:05 10/23/24	| Selected file: fich3.txt exists and his group has changed to usuario:usuario
11:49:05 10/23/24	| Picked a random number
11:49:05 10/23/24	| Selected file: fich3.txt
11:49:05 10/23/24	| Selected file: fich3.txt is not simetric
11:49:05 10/23/24	| Selected file: fich3.txt exists and his group has changed to usuario:usuario
11:49:05 10/23/24	| Picked a random number
11:49:05 10/23/24	| Selected file: asa.txt
11:49:05 10/23/24	| Selected file: asa.txt is simetric
11:49:05 10/23/24	| Selected file: asa.txt exists and his group has changed to usuario:usuario
11:49:06 10/23/24	| Picked a random number
11:49:06 10/23/24	| Selected file: fich4.txt
11:49:06 10/23/24	| Selected file: fich4.txt is not simetric
11:49:06 10/23/24	| Selected file: fich4.txt exists and his group has changed to usuario:usuario
11:49:06 10/23/24	| Picked a random number
11:49:06 10/23/24	| Selected file: asa.txt
11:49:06 10/23/24	| Selected file: asa.txt is simetric
11:49:06 10/23/24	| Selected file: asa.txt exists and his group has changed to usuario:usuario
11:49:06 10/23/24	| Picked a random number
11:49:06 10/23/24	| Selected file: asa.txt
11:49:06 10/23/24	| Selected file: asa.txt is simetric
11:49:06 10/23/24	| Selected file: asa.txt exists and his group has changed to usuario:usuario
11:49:06 10/23/24	| Picked a random number
11:49:06 10/23/24	| Selected file: asa.txt
11:49:06 10/23/24	| Selected file: asa.txt is simetric
11:49:06 10/23/24	| Selected file: asa.txt exists and his group has changed to usuario:usuario
11:49:06 10/23/24	| Picked a random number
11:49:06 10/23/24	| Selected file: asa.txt
11:49:06 10/23/24	| Selected file: asa.txt is simetric
11:49:06 10/23/24	| Selected file: asa.txt exists and his group has changed to usuario:usuario
11:49:07 10/23/24	| Picked a random number
11:49:07 10/23/24	| Selected file: fich4.txt
11:49:07 10/23/24	| Selected file: fich4.txt is not simetric
11:49:07 10/23/24	| Selected file: fich4.txt exists and his group has changed to usuario:usuario
11:49:07 10/23/24	| Picked a random number
11:49:07 10/23/24	| Selected file: fich3.txt
11:49:07 10/23/24	| Selected file: fich3.txt is not simetric
11:49:07 10/23/24	| Selected file: fich3.txt exists and his group has changed to usuario:usuario
11:49:08 10/23/24	| Picked a random number
11:49:08 10/23/24	| Selected file: asa.txt
11:49:08 10/23/24	| Selected file: asa.txt is simetric
11:49:08 10/23/24	| Selected file: asa.txt exists and his group has changed to usuario:usuario
11:49:08 10/23/24	| Picked a random number
11:49:08 10/23/24	| Selected file: asa.txt
11:49:08 10/23/24	| Selected file: asa.txt is simetric
11:49:08 10/23/24	| Selected file: asa.txt exists and his group has changed to usuario:usuario
11:49:08 10/23/24	| Picked a random number
11:49:08 10/23/24	| Selected file: fich2.txt
11:49:08 10/23/24	| Selected file: fich2.txt is not simetric
11:49:08 10/23/24	| Selected file: fich2.txt exists and his group has changed to usuario:usuario
11:49:08 10/23/24	| Picked a random number
11:49:08 10/23/24	| Selected file: fich3.txt
11:49:08 10/23/24	| Selected file: fich3.txt is not simetric
11:49:08 10/23/24	| Selected file: fich3.txt exists and his group has changed to usuario:usuario
11:49:09 10/23/24	| Picked a random number
11:49:09 10/23/24	| Selected file: fich2.txt
11:49:09 10/23/24	| Selected file: fich2.txt is not simetric
11:49:09 10/23/24	| Selected file: fich2.txt exists and his group has changed to usuario:usuario
11:49:09 10/23/24	| Picked a random number
11:49:09 10/23/24	| Selected file: fich3.txt
11:49:09 10/23/24	| Selected file: fich3.txt is not simetric
11:49:09 10/23/24	| Selected file: fich3.txt exists and his group has changed to usuario:usuario
11:49:09 10/23/24	| Picked a random number
11:49:09 10/23/24	| Selected file: fich4.txt
11:49:09 10/23/24	| Selected file: fich4.txt is not simetric
11:49:09 10/23/24	| Selected file: fich4.txt exists and his group has changed to usuario:usuario
11:49:09 10/23/24	| Picked a random number
11:49:09 10/23/24	| Selected file: fich3.txt
11:49:09 10/23/24	| Selected file: fich3.txt is not simetric
11:49:09 10/23/24	| Selected file: fich3.txt exists and his group has changed to usuario:usuario
11:49:09 10/23/24	| Picked a random number
11:49:09 10/23/24	| Selected file: asa.txt
11:49:09 10/23/24	| Selected file: asa.txt is simetric
11:49:09 10/23/24	| Selected file: asa.txt exists and his group has changed to usuario:usuario
